<?xml version="1.0" encoding="UTF-8"?>
<!-- Generated by org.testng.reporters.JUnitReportReporter -->
<testsuite hostname="135796-T14" failures="0" tests="1" name="testCases.test" time="5.217" errors="0" timestamp="2022-12-07T08:16:13 IST" skipped="0">
  <testcase classname="testCases.test" name="method1" time="5.217"/>
  <system-out/>
</testsuite> <!-- testCases.test -->
